Time resolution is 1 ps
data = 00000000
data = 00100010
data = 00011000
data = 00100001
data = 00000000
data = 00000000
data = 00000000
data = 00000000
WARNING: Insufficient data from the input file for $fread
data = 00000000
------PROGRAM COUNTER--------
PC =          x xxxxxxxxxxxxxxxxxxxxxxxxxxxxxxxx 0xxxxxxxxx
------REGISTERS--------
REG  0 =          0 00000000000000000000000000000000 0x00000000
REG  1 =     196608 00000000000000110000000000000000 0x00030000
REG  2 =     131072 00000000000000100000000000000000 0x00020000
REG  3 =          0 00000000000000000000000000000000 0x00000000
REG  4 =          0 00000000000000000000000000000000 0x00000000
REG  5 =          0 00000000000000000000000000000000 0x00000000
REG  6 =          0 00000000000000000000000000000000 0x00000000
REG  7 =          0 00000000000000000000000000000000 0x00000000
REG  8 =          0 00000000000000000000000000000000 0x00000000
REG  9 =          0 00000000000000000000000000000000 0x00000000
REG 10 =     262144 00000000000001000000000000000000 0x00040000
REG 11 =          0 00000000000000000000000000000000 0x00000000
REG 12 =          0 00000000000000000000000000000000 0x00000000
REG 13 =          0 00000000000000000000000000000000 0x00000000
REG 14 =          0 00000000000000000000000000000000 0x00000000
REG 15 =          0 00000000000000000000000000000000 0x00000000
REG 16 =          0 00000000000000000000000000000000 0x00000000
REG 17 =          0 00000000000000000000000000000000 0x00000000
REG 18 =          0 00000000000000000000000000000000 0x00000000
REG 19 =          0 00000000000000000000000000000000 0x00000000
REG 20 =          0 00000000000000000000000000000000 0x00000000
REG 21 =          0 00000000000000000000000000000000 0x00000000
REG 22 =          0 00000000000000000000000000000000 0x00000000
REG 23 =          0 00000000000000000000000000000000 0x00000000
REG 24 =          0 00000000000000000000000000000000 0x00000000
REG 25 =          0 00000000000000000000000000000000 0x00000000
REG 26 =          0 00000000000000000000000000000000 0x00000000
REG 27 =          0 00000000000000000000000000000000 0x00000000
REG 28 =          0 00000000000000000000000000000000 0x00000000
REG 29 =          0 00000000000000000000000000000000 0x00000000
REG 30 =          0 00000000000000000000000000000000 0x00000000
REG 31 =          0 00000000000000000000000000000000 0x00000000
------MEMORY--------
DMEM  0 =          0 00000000000000000000000000000000 0x00000000
DMEM  1 =          0 00000000000000000000000000000000 0x00000000
DMEM  2 =          0 00000000000000000000000000000000 0x00000000
DMEM  3 =          0 00000000000000000000000000000000 0x00000000
DMEM  4 =          0 00000000000000000000000000000000 0x00000000
DMEM  5 =          0 00000000000000000000000000000000 0x00000000
DMEM  6 =          0 00000000000000000000000000000000 0x00000000
DMEM  7 =          0 00000000000000000000000000000000 0x00000000
DMEM  8 =          0 00000000000000000000000000000000 0x00000000
DMEM  9 =          0 00000000000000000000000000000000 0x00000000
DMEM 10 =          0 00000000000000000000000000000000 0x00000000
DMEM 11 =          0 00000000000000000000000000000000 0x00000000
DMEM 12 =          0 00000000000000000000000000000000 0x00000000
DMEM 13 =          0 00000000000000000000000000000000 0x00000000
DMEM 14 =          0 00000000000000000000000000000000 0x00000000
DMEM 15 =          0 00000000000000000000000000000000 0x00000000
DMEM 16 =          0 00000000000000000000000000000000 0x00000000
DMEM 17 =          0 00000000000000000000000000000000 0x00000000
DMEM 18 =          0 00000000000000000000000000000000 0x00000000
DMEM 19 =          0 00000000000000000000000000000000 0x00000000
DMEM 20 =          0 00000000000000000000000000000000 0x00000000
DMEM 21 =          0 00000000000000000000000000000000 0x00000000
DMEM 22 =          0 00000000000000000000000000000000 0x00000000
DMEM 23 =          0 00000000000000000000000000000000 0x00000000
DMEM 24 =          0 00000000000000000000000000000000 0x00000000
DMEM 25 =          0 00000000000000000000000000000000 0x00000000
DMEM 26 =          0 00000000000000000000000000000000 0x00000000
DMEM 27 =          0 00000000000000000000000000000000 0x00000000
DMEM 28 =          0 00000000000000000000000000000000 0x00000000
DMEM 29 =          0 00000000000000000000000000000000 0x00000000
DMEM 30 =          0 00000000000000000000000000000000 0x00000000
DMEM 31 =          0 00000000000000000000000000000000 0x00000000
------PROGRAM COUNTER--------
PC =     262144 00000000000001000000000000000000 0x00040000
------REGISTERS--------
REG  0 =          0 00000000000000000000000000000000 0x00000000
REG  1 =     196608 00000000000000110000000000000000 0x00030000
REG  2 =     131072 00000000000000100000000000000000 0x00020000
REG  3 =          0 00000000000000000000000000000000 0x00000000
REG  4 =          0 00000000000000000000000000000000 0x00000000
REG  5 =          0 00000000000000000000000000000000 0x00000000
REG  6 =          0 00000000000000000000000000000000 0x00000000
REG  7 =          0 00000000000000000000000000000000 0x00000000
REG  8 =          0 00000000000000000000000000000000 0x00000000
REG  9 =          0 00000000000000000000000000000000 0x00000000
REG 10 =     262144 00000000000001000000000000000000 0x00040000
REG 11 =          0 00000000000000000000000000000000 0x00000000
REG 12 =          0 00000000000000000000000000000000 0x00000000
REG 13 =          0 00000000000000000000000000000000 0x00000000
REG 14 =          0 00000000000000000000000000000000 0x00000000
REG 15 =          0 00000000000000000000000000000000 0x00000000
REG 16 =          0 00000000000000000000000000000000 0x00000000
REG 17 =          0 00000000000000000000000000000000 0x00000000
REG 18 =          0 00000000000000000000000000000000 0x00000000
REG 19 =          0 00000000000000000000000000000000 0x00000000
REG 20 =          0 00000000000000000000000000000000 0x00000000
REG 21 =          0 00000000000000000000000000000000 0x00000000
REG 22 =          0 00000000000000000000000000000000 0x00000000
REG 23 =          0 00000000000000000000000000000000 0x00000000
REG 24 =          0 00000000000000000000000000000000 0x00000000
REG 25 =          0 00000000000000000000000000000000 0x00000000
REG 26 =          0 00000000000000000000000000000000 0x00000000
REG 27 =          0 00000000000000000000000000000000 0x00000000
REG 28 =          0 00000000000000000000000000000000 0x00000000
REG 29 =          0 00000000000000000000000000000000 0x00000000
REG 30 =          0 00000000000000000000000000000000 0x00000000
REG 31 =          0 00000000000000000000000000000000 0x00000000
------MEMORY--------
DMEM  0 =          0 00000000000000000000000000000000 0x00000000
DMEM  1 =          0 00000000000000000000000000000000 0x00000000
DMEM  2 =          0 00000000000000000000000000000000 0x00000000
DMEM  3 =          0 00000000000000000000000000000000 0x00000000
DMEM  4 =          0 00000000000000000000000000000000 0x00000000
DMEM  5 =          0 00000000000000000000000000000000 0x00000000
DMEM  6 =          0 00000000000000000000000000000000 0x00000000
DMEM  7 =          0 00000000000000000000000000000000 0x00000000
DMEM  8 =          0 00000000000000000000000000000000 0x00000000
DMEM  9 =          0 00000000000000000000000000000000 0x00000000
DMEM 10 =          0 00000000000000000000000000000000 0x00000000
DMEM 11 =          0 00000000000000000000000000000000 0x00000000
DMEM 12 =          0 00000000000000000000000000000000 0x00000000
DMEM 13 =          0 00000000000000000000000000000000 0x00000000
DMEM 14 =          0 00000000000000000000000000000000 0x00000000
DMEM 15 =          0 00000000000000000000000000000000 0x00000000
DMEM 16 =          0 00000000000000000000000000000000 0x00000000
DMEM 17 =          0 00000000000000000000000000000000 0x00000000
DMEM 18 =          0 00000000000000000000000000000000 0x00000000
DMEM 19 =          0 00000000000000000000000000000000 0x00000000
DMEM 20 =          0 00000000000000000000000000000000 0x00000000
DMEM 21 =          0 00000000000000000000000000000000 0x00000000
DMEM 22 =          0 00000000000000000000000000000000 0x00000000
DMEM 23 =          0 00000000000000000000000000000000 0x00000000
DMEM 24 =          0 00000000000000000000000000000000 0x00000000
DMEM 25 =          0 00000000000000000000000000000000 0x00000000
DMEM 26 =          0 00000000000000000000000000000000 0x00000000
DMEM 27 =          0 00000000000000000000000000000000 0x00000000
DMEM 28 =          0 00000000000000000000000000000000 0x00000000
DMEM 29 =          0 00000000000000000000000000000000 0x00000000
DMEM 30 =          0 00000000000000000000000000000000 0x00000000
DMEM 31 =          0 00000000000000000000000000000000 0x00000000
------PROGRAM COUNTER--------
PC =     524288 00000000000010000000000000000000 0x00080000
------REGISTERS--------
REG  0 =          0 00000000000000000000000000000000 0x00000000
REG  1 =     196608 00000000000000110000000000000000 0x00030000
REG  2 =     131072 00000000000000100000000000000000 0x00020000
REG  3 =          0 00000000000000000000000000000000 0x00000000
REG  4 =          0 00000000000000000000000000000000 0x00000000
REG  5 =          0 00000000000000000000000000000000 0x00000000
REG  6 =          0 00000000000000000000000000000000 0x00000000
REG  7 =          0 00000000000000000000000000000000 0x00000000
REG  8 =          0 00000000000000000000000000000000 0x00000000
REG  9 =          0 00000000000000000000000000000000 0x00000000
REG 10 =     262144 00000000000001000000000000000000 0x00040000
REG 11 =          0 00000000000000000000000000000000 0x00000000
REG 12 =          0 00000000000000000000000000000000 0x00000000
REG 13 =          0 00000000000000000000000000000000 0x00000000
REG 14 =          0 00000000000000000000000000000000 0x00000000
REG 15 =          0 00000000000000000000000000000000 0x00000000
REG 16 =          0 00000000000000000000000000000000 0x00000000
REG 17 =          0 00000000000000000000000000000000 0x00000000
REG 18 =          0 00000000000000000000000000000000 0x00000000
REG 19 =          0 00000000000000000000000000000000 0x00000000
REG 20 =          0 00000000000000000000000000000000 0x00000000
REG 21 =          0 00000000000000000000000000000000 0x00000000
REG 22 =          0 00000000000000000000000000000000 0x00000000
REG 23 =          0 00000000000000000000000000000000 0x00000000
REG 24 =          0 00000000000000000000000000000000 0x00000000
REG 25 =          0 00000000000000000000000000000000 0x00000000
REG 26 =          0 00000000000000000000000000000000 0x00000000
REG 27 =          0 00000000000000000000000000000000 0x00000000
REG 28 =          0 00000000000000000000000000000000 0x00000000
REG 29 =          0 00000000000000000000000000000000 0x00000000
REG 30 =          0 00000000000000000000000000000000 0x00000000
REG 31 =          0 00000000000000000000000000000000 0x00000000
------MEMORY--------
DMEM  0 =          0 00000000000000000000000000000000 0x00000000
DMEM  1 =          0 00000000000000000000000000000000 0x00000000
DMEM  2 =          0 00000000000000000000000000000000 0x00000000
DMEM  3 =          0 00000000000000000000000000000000 0x00000000
DMEM  4 =          0 00000000000000000000000000000000 0x00000000
DMEM  5 =          0 00000000000000000000000000000000 0x00000000
DMEM  6 =          0 00000000000000000000000000000000 0x00000000
DMEM  7 =          0 00000000000000000000000000000000 0x00000000
DMEM  8 =          0 00000000000000000000000000000000 0x00000000
DMEM  9 =          0 00000000000000000000000000000000 0x00000000
DMEM 10 =          0 00000000000000000000000000000000 0x00000000
DMEM 11 =          0 00000000000000000000000000000000 0x00000000
DMEM 12 =          0 00000000000000000000000000000000 0x00000000
DMEM 13 =          0 00000000000000000000000000000000 0x00000000
DMEM 14 =          0 00000000000000000000000000000000 0x00000000
DMEM 15 =          0 00000000000000000000000000000000 0x00000000
DMEM 16 =          0 00000000000000000000000000000000 0x00000000
DMEM 17 =          0 00000000000000000000000000000000 0x00000000
DMEM 18 =          0 00000000000000000000000000000000 0x00000000
DMEM 19 =          0 00000000000000000000000000000000 0x00000000
DMEM 20 =          0 00000000000000000000000000000000 0x00000000
DMEM 21 =          0 00000000000000000000000000000000 0x00000000
DMEM 22 =          0 00000000000000000000000000000000 0x00000000
DMEM 23 =          0 00000000000000000000000000000000 0x00000000
DMEM 24 =          0 00000000000000000000000000000000 0x00000000
DMEM 25 =          0 00000000000000000000000000000000 0x00000000
DMEM 26 =          0 00000000000000000000000000000000 0x00000000
DMEM 27 =          0 00000000000000000000000000000000 0x00000000
DMEM 28 =          0 00000000000000000000000000000000 0x00000000
DMEM 29 =          0 00000000000000000000000000000000 0x00000000
DMEM 30 =          0 00000000000000000000000000000000 0x00000000
DMEM 31 =          0 00000000000000000000000000000000 0x00000000
------PROGRAM COUNTER--------
PC =     786432 00000000000011000000000000000000 0x000c0000
------REGISTERS--------
REG  0 =          0 00000000000000000000000000000000 0x00000000
REG  1 =     196608 00000000000000110000000000000000 0x00030000
REG  2 =     131072 00000000000000100000000000000000 0x00020000
REG  3 =          0 00000000000000000000000000000000 0x00000000
REG  4 =          0 00000000000000000000000000000000 0x00000000
REG  5 =          0 00000000000000000000000000000000 0x00000000
REG  6 =          0 00000000000000000000000000000000 0x00000000
REG  7 =          0 00000000000000000000000000000000 0x00000000
REG  8 =          0 00000000000000000000000000000000 0x00000000
REG  9 =          0 00000000000000000000000000000000 0x00000000
REG 10 =     262144 00000000000001000000000000000000 0x00040000
REG 11 =          0 00000000000000000000000000000000 0x00000000
REG 12 =          0 00000000000000000000000000000000 0x00000000
REG 13 =          0 00000000000000000000000000000000 0x00000000
REG 14 =          0 00000000000000000000000000000000 0x00000000
REG 15 =          0 00000000000000000000000000000000 0x00000000
REG 16 =          0 00000000000000000000000000000000 0x00000000
REG 17 =          0 00000000000000000000000000000000 0x00000000
REG 18 =          0 00000000000000000000000000000000 0x00000000
REG 19 =          0 00000000000000000000000000000000 0x00000000
REG 20 =          0 00000000000000000000000000000000 0x00000000
REG 21 =          0 00000000000000000000000000000000 0x00000000
REG 22 =          0 00000000000000000000000000000000 0x00000000
REG 23 =          0 00000000000000000000000000000000 0x00000000
REG 24 =          0 00000000000000000000000000000000 0x00000000
REG 25 =          0 00000000000000000000000000000000 0x00000000
REG 26 =          0 00000000000000000000000000000000 0x00000000
REG 27 =          0 00000000000000000000000000000000 0x00000000
REG 28 =          0 00000000000000000000000000000000 0x00000000
REG 29 =          0 00000000000000000000000000000000 0x00000000
REG 30 =          0 00000000000000000000000000000000 0x00000000
REG 31 =          0 00000000000000000000000000000000 0x00000000
------MEMORY--------
DMEM  0 =          0 00000000000000000000000000000000 0x00000000
DMEM  1 =          0 00000000000000000000000000000000 0x00000000
DMEM  2 =          0 00000000000000000000000000000000 0x00000000
DMEM  3 =          0 00000000000000000000000000000000 0x00000000
DMEM  4 =          0 00000000000000000000000000000000 0x00000000
DMEM  5 =          0 00000000000000000000000000000000 0x00000000
DMEM  6 =          0 00000000000000000000000000000000 0x00000000
DMEM  7 =          0 00000000000000000000000000000000 0x00000000
DMEM  8 =          0 00000000000000000000000000000000 0x00000000
DMEM  9 =          0 00000000000000000000000000000000 0x00000000
DMEM 10 =          0 00000000000000000000000000000000 0x00000000
DMEM 11 =          0 00000000000000000000000000000000 0x00000000
DMEM 12 =          0 00000000000000000000000000000000 0x00000000
DMEM 13 =          0 00000000000000000000000000000000 0x00000000
DMEM 14 =          0 00000000000000000000000000000000 0x00000000
DMEM 15 =          0 00000000000000000000000000000000 0x00000000
DMEM 16 =          0 00000000000000000000000000000000 0x00000000
DMEM 17 =          0 00000000000000000000000000000000 0x00000000
DMEM 18 =          0 00000000000000000000000000000000 0x00000000
DMEM 19 =          0 00000000000000000000000000000000 0x00000000
DMEM 20 =          0 00000000000000000000000000000000 0x00000000
DMEM 21 =          0 00000000000000000000000000000000 0x00000000
DMEM 22 =          0 00000000000000000000000000000000 0x00000000
DMEM 23 =          0 00000000000000000000000000000000 0x00000000
DMEM 24 =          0 00000000000000000000000000000000 0x00000000
DMEM 25 =          0 00000000000000000000000000000000 0x00000000
DMEM 26 =          0 00000000000000000000000000000000 0x00000000
DMEM 27 =          0 00000000000000000000000000000000 0x00000000
DMEM 28 =          0 00000000000000000000000000000000 0x00000000
DMEM 29 =          0 00000000000000000000000000000000 0x00000000
DMEM 30 =          0 00000000000000000000000000000000 0x00000000
DMEM 31 =          0 00000000000000000000000000000000 0x00000000
------PROGRAM COUNTER--------
PC =    1048576 00000000000100000000000000000000 0x00100000
------REGISTERS--------
REG  0 =          0 00000000000000000000000000000000 0x00000000
REG  1 =     196608 00000000000000110000000000000000 0x00030000
REG  2 =     131072 00000000000000100000000000000000 0x00020000
REG  3 =          0 00000000000000000000000000000000 0x00000000
REG  4 =          0 00000000000000000000000000000000 0x00000000
REG  5 =          0 00000000000000000000000000000000 0x00000000
REG  6 =          0 00000000000000000000000000000000 0x00000000
REG  7 =          0 00000000000000000000000000000000 0x00000000
REG  8 =          0 00000000000000000000000000000000 0x00000000
REG  9 =          0 00000000000000000000000000000000 0x00000000
REG 10 =     262144 00000000000001000000000000000000 0x00040000
REG 11 =          0 00000000000000000000000000000000 0x00000000
REG 12 =          0 00000000000000000000000000000000 0x00000000
REG 13 =          0 00000000000000000000000000000000 0x00000000
REG 14 =          0 00000000000000000000000000000000 0x00000000
REG 15 =          0 00000000000000000000000000000000 0x00000000
REG 16 =          0 00000000000000000000000000000000 0x00000000
REG 17 =          0 00000000000000000000000000000000 0x00000000
REG 18 =          0 00000000000000000000000000000000 0x00000000
REG 19 =          0 00000000000000000000000000000000 0x00000000
REG 20 =          0 00000000000000000000000000000000 0x00000000
REG 21 =          0 00000000000000000000000000000000 0x00000000
REG 22 =          0 00000000000000000000000000000000 0x00000000
REG 23 =          0 00000000000000000000000000000000 0x00000000
REG 24 =          0 00000000000000000000000000000000 0x00000000
REG 25 =          0 00000000000000000000000000000000 0x00000000
REG 26 =          0 00000000000000000000000000000000 0x00000000
REG 27 =          0 00000000000000000000000000000000 0x00000000
REG 28 =          0 00000000000000000000000000000000 0x00000000
REG 29 =          0 00000000000000000000000000000000 0x00000000
REG 30 =          0 00000000000000000000000000000000 0x00000000
REG 31 =          0 00000000000000000000000000000000 0x00000000
------MEMORY--------
DMEM  0 =          0 00000000000000000000000000000000 0x00000000
DMEM  1 =          0 00000000000000000000000000000000 0x00000000
DMEM  2 =          0 00000000000000000000000000000000 0x00000000
DMEM  3 =          0 00000000000000000000000000000000 0x00000000
DMEM  4 =          0 00000000000000000000000000000000 0x00000000
DMEM  5 =          0 00000000000000000000000000000000 0x00000000
DMEM  6 =          0 00000000000000000000000000000000 0x00000000
DMEM  7 =          0 00000000000000000000000000000000 0x00000000
DMEM  8 =          0 00000000000000000000000000000000 0x00000000
DMEM  9 =          0 00000000000000000000000000000000 0x00000000
DMEM 10 =          0 00000000000000000000000000000000 0x00000000
DMEM 11 =          0 00000000000000000000000000000000 0x00000000
DMEM 12 =          0 00000000000000000000000000000000 0x00000000
DMEM 13 =          0 00000000000000000000000000000000 0x00000000
DMEM 14 =          0 00000000000000000000000000000000 0x00000000
DMEM 15 =          0 00000000000000000000000