#-----------------------------------------------------------
# Webtalk v2021.1 (64-bit)
# SW Build 3247384 on Thu Jun 10 19:36:33 MDT 2021
# IP Build 3246043 on Fri Jun 11 00:30:35 MDT 2021
<<<<<<< HEAD
# Start of session at: Tue Mar 22 20:07:09 2022
# Process ID: 6200
# Current directory: C:/Users/nacho/Documents/Facultad/5to/arqui/tpfinal_mips/mips_final.sim/sim_1/behav/xsim
# Command line: wbtcv.exe -mode batch -source C:/Users/nacho/Documents/Facultad/5to/arqui/tpfinal_mips/mips_final.sim/sim_1/behav/xsim/xsim.dir/io_file_behav/webtalk/xsim_webtalk.tcl -notrace
# Log file: C:/Users/nacho/Documents/Facultad/5to/arqui/tpfinal_mips/mips_final.sim/sim_1/behav/xsim/webtalk.log
# Journal file: C:/Users/nacho/Documents/Facultad/5to/arqui/tpfinal_mips/mips_final.sim/sim_1/behav/xsim\webtalk.jou
#-----------------------------------------------------------
source C:/Users/nacho/Documents/Facultad/5to/arqui/tpfinal_mips/mips_final.sim/sim_1/behav/xsim/xsim.dir/io_file_behav/webtalk/xsim_webtalk.tcl -notrace
INFO: [Common 17-186] 'C:/Users/nacho/Documents/Facultad/5to/arqui/tpfinal_mips/mips_final.sim/sim_1/behav/xsim/xsim.dir/io_file_behav/webtalk/usage_statistics_ext_xsim.xml' has been successfully sent to Xilinx on Tue Mar 22 20:07:14 2022. For additional details about this file, please refer to the WebTalk help file at E:/Programs/Xilinx/Vivado/2021.1/doc/webtalk_introduction.html.
INFO: [Common 17-206] Exiting Webtalk at Tue Mar 22 20:07:14 2022...
=======
# Start of session at: Wed Apr 20 19:20:40 2022
# Process ID: 18004
# Current directory: E:/Documentos/facu/5to segundo/arqui/mips-final-arqui/mips_final.sim/sim_1/behav/xsim
# Command line: wbtcv.exe -mode batch -source E:/Documentos/facu/5to segundo/arqui/mips-final-arqui/mips_final.sim/sim_1/behav/xsim/xsim.dir/execute_tb_behav/webtalk/xsim_webtalk.tcl -notrace
# Log file: E:/Documentos/facu/5to segundo/arqui/mips-final-arqui/mips_final.sim/sim_1/behav/xsim/webtalk.log
# Journal file: E:/Documentos/facu/5to segundo/arqui/mips-final-arqui/mips_final.sim/sim_1/behav/xsim\webtalk.jou
#-----------------------------------------------------------
source E:/Documentos/facu/5to -notrace
couldn't read file "E:/Documentos/facu/5to": permission denied
INFO: [Common 17-206] Exiting Webtalk at Wed Apr 20 19:20:40 2022...
>>>>>>> 8a937e6113b1c5a56d56f0589680db381216de98
