#-----------------------------------------------------------
# Webtalk v2021.1 (64-bit)
# SW Build 3247384 on Thu Jun 10 19:36:33 MDT 2021
# IP Build 3246043 on Fri Jun 11 00:30:35 MDT 2021
<<<<<<< HEAD
# Start of session at: Sun Nov 28 21:27:42 2021
# Process ID: 21936
# Current directory: C:/Users/nacho/Documents/Facultad/5to/arqui/tpfinal_mips/mips_final.sim/sim_1/behav/xsim
# Command line: wbtcv.exe -mode batch -source C:/Users/nacho/Documents/Facultad/5to/arqui/tpfinal_mips/mips_final.sim/sim_1/behav/xsim/xsim.dir/top_uart_test_behav/webtalk/xsim_webtalk.tcl -notrace
# Log file: C:/Users/nacho/Documents/Facultad/5to/arqui/tpfinal_mips/mips_final.sim/sim_1/behav/xsim/webtalk.log
# Journal file: C:/Users/nacho/Documents/Facultad/5to/arqui/tpfinal_mips/mips_final.sim/sim_1/behav/xsim\webtalk.jou
#-----------------------------------------------------------
source C:/Users/nacho/Documents/Facultad/5to/arqui/tpfinal_mips/mips_final.sim/sim_1/behav/xsim/xsim.dir/top_uart_test_behav/webtalk/xsim_webtalk.tcl -notrace
INFO: [Common 17-186] 'C:/Users/nacho/Documents/Facultad/5to/arqui/tpfinal_mips/mips_final.sim/sim_1/behav/xsim/xsim.dir/top_uart_test_behav/webtalk/usage_statistics_ext_xsim.xml' has been successfully sent to Xilinx on Sun Nov 28 21:27:46 2021. For additional details about this file, please refer to the WebTalk help file at E:/Programs/Xilinx/Vivado/2021.1/doc/webtalk_introduction.html.
INFO: [Common 17-206] Exiting Webtalk at Sun Nov 28 21:27:46 2021...
=======
# Start of session at: Tue Nov 30 19:23:52 2021
# Process ID: 8200
# Current directory: E:/Documentos/facu/5to segundo/arqui/mips-final-arqui/mips_final.sim/sim_1/behav/xsim
# Command line: wbtcv.exe -mode batch -source E:/Documentos/facu/5to segundo/arqui/mips-final-arqui/mips_final.sim/sim_1/behav/xsim/xsim.dir/fetch_tb_behav/webtalk/xsim_webtalk.tcl -notrace
# Log file: E:/Documentos/facu/5to segundo/arqui/mips-final-arqui/mips_final.sim/sim_1/behav/xsim/webtalk.log
# Journal file: E:/Documentos/facu/5to segundo/arqui/mips-final-arqui/mips_final.sim/sim_1/behav/xsim\webtalk.jou
#-----------------------------------------------------------
source E:/Documentos/facu/5to -notrace
couldn't read file "E:/Documentos/facu/5to": permission denied
INFO: [Common 17-206] Exiting Webtalk at Tue Nov 30 19:23:52 2021...
>>>>>>> f1fd9fd6d23c89ffdfb21c1810a14330a5d4a6c0
